<?xml version="1.0" encoding="UTF-8"?>
<testng-results skipped="0" failed="0" ignored="0" total="1" passed="1">
  <reporter-output>
  </reporter-output>
  <suite name="Default suite" duration-ms="9851" started-at="2019-03-13T09:13:01Z" finished-at="2019-03-13T09:13:11Z">
    <groups>
    </groups>
    <test name="Default test" duration-ms="9851" started-at="2019-03-13T09:13:01Z" finished-at="2019-03-13T09:13:11Z">
      <class name="testngPack.TestScroll">
        <test-method status="PASS" signature="scrollPage()[pri:0, instance:testngPack.TestScroll@4678c730]" name="scrollPage" duration-ms="9826" started-at="2019-03-13T14:43:01Z" finished-at="2019-03-13T14:43:11Z">
          <reporter-output>
          </reporter-output>
        </test-method> <!-- scrollPage -->
      </class> <!-- testngPack.TestScroll -->
    </test> <!-- Default test -->
  </suite> <!-- Default suite -->
</testng-results>
