<?xml version="1.0" encoding="UTF-8" ?>
<testsuite tests="4" failures="0" name="stepDef.TestRunner" time="0.004" errors="0" skipped="0">
  <properties>
[...]
</properties>
  <testcase classname="| demo | demo |" name="Given user application is available" time="0.004"/>
  <testcase classname="| demo | demo |" name="When user provides &quot;demo&quot; and &quot;demo&quot; as credentials" time="0"/>
  <testcase classname="| demo | demo |" name="Then login is success" time="0"/>
  <testcase classname="| demo | demo |" name="| demo | demo |" time="0"/>
</testsuite>